<?xml version="1.0" encoding="UTF-8"?>
<!-- Generated by org.testng.reporters.JUnitReportReporter -->
<testsuite skipped="0" hostname="LAPTOP-N3ALFORJ" name="selenium.SuggestiveDropDownExercise" tests="1" failures="0" timestamp="24 May 2018 23:02:33 GMT" time="7.900" errors="0">
  <testcase name="test" time="7.900" classname="selenium.SuggestiveDropDownExercise"/>
</testsuite> <!-- selenium.SuggestiveDropDownExercise -->
