<?xml version="1.0" encoding="UTF-8"?>
<!-- Generated by org.testng.reporters.JUnitReportReporter -->
<testsuite skipped="0" hostname="LAPTOP-N3ALFORJ" name="selenium.CalenderHandle" tests="1" failures="0" timestamp="24 May 2018 22:53:34 GMT" time="11.765" errors="0">
  <testcase name="test1" time="11.765" classname="selenium.CalenderHandle"/>
</testsuite> <!-- selenium.CalenderHandle -->
